[1.089s] Invoking command in '/home/dgist/my_ws/src/my_pkg': PYTHONPATH=/home/dgist/my_ws/build/my_pkg/prefix_override:/usr/lib/python3/dist-packages/colcon_core/task/python/colcon_distutils_commands:/home/dgist/my_ws/install/my_pkg/lib/python3.10/site-packages:${PYTHONPATH} /usr/bin/python3 -W ignore:setup.py install is deprecated -W ignore:easy_install command is deprecated setup.py egg_info --egg-base ../../build/my_pkg build --build-base /home/dgist/my_ws/build/my_pkg/build install --record /home/dgist/my_ws/build/my_pkg/install.log --single-version-externally-managed install_data
[1.279s] /home/dgist/.local/lib/python3.10/site-packages/setuptools/_distutils/dist.py:287: UserWarning: Unknown distribution option: 'tests_require'
[1.279s]   warnings.warn(msg)
[1.376s] running egg_info
[1.392s] creating ../../build/my_pkg/my_pkg.egg-info
[1.393s] writing ../../build/my_pkg/my_pkg.egg-info/PKG-INFO
[1.393s] writing dependency_links to ../../build/my_pkg/my_pkg.egg-info/dependency_links.txt
[1.394s] writing requirements to ../../build/my_pkg/my_pkg.egg-info/requires.txt
[1.394s] writing top-level names to ../../build/my_pkg/my_pkg.egg-info/top_level.txt
[1.394s] writing manifest file '../../build/my_pkg/my_pkg.egg-info/SOURCES.txt'
[1.428s] reading manifest file '../../build/my_pkg/my_pkg.egg-info/SOURCES.txt'
[1.429s] writing manifest file '../../build/my_pkg/my_pkg.egg-info/SOURCES.txt'
[1.429s] running build
[1.429s] running build_py
[1.429s] creating /home/dgist/my_ws/build/my_pkg/build/lib/my_pkg
[1.429s] copying my_pkg/__init__.py -> /home/dgist/my_ws/build/my_pkg/build/lib/my_pkg
[1.430s] running install
[1.435s] running install_lib
[1.452s] creating /home/dgist/my_ws/install/my_pkg/lib/python3.10/site-packages/my_pkg
[1.500s] copying /home/dgist/my_ws/build/my_pkg/build/lib/my_pkg/__init__.py -> /home/dgist/my_ws/install/my_pkg/lib/python3.10/site-packages/my_pkg
[1.501s] byte-compiling /home/dgist/my_ws/install/my_pkg/lib/python3.10/site-packages/my_pkg/__init__.py to __init__.cpython-310.pyc
[1.501s] running install_data
[1.502s] creating /home/dgist/my_ws/install/my_pkg/share/ament_index/resource_index/packages
[1.502s] copying resource/my_pkg -> /home/dgist/my_ws/install/my_pkg/share/ament_index/resource_index/packages
[1.502s] copying package.xml -> /home/dgist/my_ws/install/my_pkg/share/my_pkg
[1.503s] running install_egg_info
[1.527s] Copying ../../build/my_pkg/my_pkg.egg-info to /home/dgist/my_ws/install/my_pkg/lib/python3.10/site-packages/my_pkg-0.0.0-py3.10.egg-info
[1.549s] running install_scripts
[1.585s] writing list of installed files to '/home/dgist/my_ws/build/my_pkg/install.log'
[1.607s] Invoked command in '/home/dgist/my_ws/src/my_pkg' returned '0': PYTHONPATH=/home/dgist/my_ws/build/my_pkg/prefix_override:/usr/lib/python3/dist-packages/colcon_core/task/python/colcon_distutils_commands:/home/dgist/my_ws/install/my_pkg/lib/python3.10/site-packages:${PYTHONPATH} /usr/bin/python3 -W ignore:setup.py install is deprecated -W ignore:easy_install command is deprecated setup.py egg_info --egg-base ../../build/my_pkg build --build-base /home/dgist/my_ws/build/my_pkg/build install --record /home/dgist/my_ws/build/my_pkg/install.log --single-version-externally-managed install_data
