[1.110s] Invoking command in '/home/dgist/my_ws/src/my_pkg': PYTHONPATH=/home/dgist/my_ws/build/my_pkg/prefix_override:/usr/lib/python3/dist-packages/colcon_core/task/python/colcon_distutils_commands:/home/dgist/my_ws/install/my_pkg/lib/python3.10/site-packages:${PYTHONPATH} /usr/bin/python3 -W ignore:setup.py install is deprecated -W ignore:easy_install command is deprecated setup.py egg_info --egg-base ../../build/my_pkg build --build-base /home/dgist/my_ws/build/my_pkg/build install --record /home/dgist/my_ws/build/my_pkg/install.log --single-version-externally-managed install_data
[1.282s] /home/dgist/.local/lib/python3.10/site-packages/setuptools/_distutils/dist.py:287: UserWarning: Unknown distribution option: 'tests_require'
[1.282s]   warnings.warn(msg)
[1.390s] running egg_info
[1.407s] writing ../../build/my_pkg/my_pkg.egg-info/PKG-INFO
[1.407s] writing dependency_links to ../../build/my_pkg/my_pkg.egg-info/dependency_links.txt
[1.408s] writing requirements to ../../build/my_pkg/my_pkg.egg-info/requires.txt
[1.408s] writing top-level names to ../../build/my_pkg/my_pkg.egg-info/top_level.txt
[1.447s] reading manifest file '../../build/my_pkg/my_pkg.egg-info/SOURCES.txt'
[1.449s] writing manifest file '../../build/my_pkg/my_pkg.egg-info/SOURCES.txt'
[1.449s] running build
[1.449s] running build_py
[1.449s] copying my_pkg/__init__.py -> /home/dgist/my_ws/build/my_pkg/build/lib/my_pkg
[1.450s] running install
[1.454s] running install_lib
[1.472s] running install_data
[1.473s] copying resource/my_pkg -> /home/dgist/my_ws/install/my_pkg/share/ament_index/resource_index/packages
[1.473s] copying package.xml -> /home/dgist/my_ws/install/my_pkg/share/my_pkg
[1.473s] copying launch/carla_slam_pipeline.launch.py -> /home/dgist/my_ws/install/my_pkg/share/my_pkg/launch
[1.536s] copying rviz/carla_slam.rviz -> /home/dgist/my_ws/install/my_pkg/share/my_pkg/rviz
[1.554s] running install_egg_info
[1.594s] removing '/home/dgist/my_ws/install/my_pkg/lib/python3.10/site-packages/my_pkg-0.0.0-py3.10.egg-info' (and everything under it)
[1.594s] Copying ../../build/my_pkg/my_pkg.egg-info to /home/dgist/my_ws/install/my_pkg/lib/python3.10/site-packages/my_pkg-0.0.0-py3.10.egg-info
[1.611s] running install_scripts
[1.650s] writing list of installed files to '/home/dgist/my_ws/build/my_pkg/install.log'
[1.673s] Invoked command in '/home/dgist/my_ws/src/my_pkg' returned '0': PYTHONPATH=/home/dgist/my_ws/build/my_pkg/prefix_override:/usr/lib/python3/dist-packages/colcon_core/task/python/colcon_distutils_commands:/home/dgist/my_ws/install/my_pkg/lib/python3.10/site-packages:${PYTHONPATH} /usr/bin/python3 -W ignore:setup.py install is deprecated -W ignore:easy_install command is deprecated setup.py egg_info --egg-base ../../build/my_pkg build --build-base /home/dgist/my_ws/build/my_pkg/build install --record /home/dgist/my_ws/build/my_pkg/install.log --single-version-externally-managed install_data
