running egg_info
writing ../../build/my_pkg/my_pkg.egg-info/PKG-INFO
writing dependency_links to ../../build/my_pkg/my_pkg.egg-info/dependency_links.txt
writing requirements to ../../build/my_pkg/my_pkg.egg-info/requires.txt
writing top-level names to ../../build/my_pkg/my_pkg.egg-info/top_level.txt
reading manifest file '../../build/my_pkg/my_pkg.egg-info/SOURCES.txt'
writing manifest file '../../build/my_pkg/my_pkg.egg-info/SOURCES.txt'
running build
running build_py
copying my_pkg/__init__.py -> /home/dgist/my_ws/build/my_pkg/build/lib/my_pkg
running install
running install_lib
running install_data
copying resource/my_pkg -> /home/dgist/my_ws/install/my_pkg/share/ament_index/resource_index/packages
copying package.xml -> /home/dgist/my_ws/install/my_pkg/share/my_pkg
copying launch/carla_2d_slam.launch.py -> /home/dgist/my_ws/install/my_pkg/share/my_pkg/launch
copying rviz/carla_slam.rviz -> /home/dgist/my_ws/install/my_pkg/share/my_pkg/rviz
running install_egg_info
removing '/home/dgist/my_ws/install/my_pkg/lib/python3.10/site-packages/my_pkg-0.0.0-py3.10.egg-info' (and everything under it)
Copying ../../build/my_pkg/my_pkg.egg-info to /home/dgist/my_ws/install/my_pkg/lib/python3.10/site-packages/my_pkg-0.0.0-py3.10.egg-info
running install_scripts
writing list of installed files to '/home/dgist/my_ws/build/my_pkg/install.log'
